# cwd: <mount>/rustfs-dist
$ stat -c '%n %s bytes' node*/disk*/.rustfs.sys/format.json node*/disk*/.rustfs.sys/pool.bin/xl.meta node*/disk*/dist-bucket/dist-large-2m.bin/xl.meta
node1/disk1/.rustfs.sys/format.json 498 bytes
node1/disk1/.rustfs.sys/pool.bin/xl.meta 537 bytes
node1/disk1/dist-bucket/dist-large-2m.bin/xl.meta 413 bytes
node1/disk2/.rustfs.sys/format.json 498 bytes
node1/disk2/.rustfs.sys/pool.bin/xl.meta 537 bytes
node1/disk2/dist-bucket/dist-large-2m.bin/xl.meta 413 bytes
node2/disk1/.rustfs.sys/format.json 498 bytes
node2/disk1/.rustfs.sys/pool.bin/xl.meta 537 bytes
node2/disk1/dist-bucket/dist-large-2m.bin/xl.meta 413 bytes
... 12 metadata lines omitted ...

$ find node*/disk*/dist-bucket/dist-large-2m.bin -name part.1 -exec stat -c '%n %s bytes' {} 
node1/disk1/dist-bucket/dist-large-2m.bin/<data-dir>/part.1 524352 bytes
node1/disk2/dist-bucket/dist-large-2m.bin/<data-dir>/part.1 524352 bytes
node2/disk1/dist-bucket/dist-large-2m.bin/<data-dir>/part.1 524352 bytes
node2/disk2/dist-bucket/dist-large-2m.bin/<data-dir>/part.1 524352 bytes
node3/disk1/dist-bucket/dist-large-2m.bin/<data-dir>/part.1 524352 bytes
node3/disk2/dist-bucket/dist-large-2m.bin/<data-dir>/part.1 524352 bytes
node4/disk1/dist-bucket/dist-large-2m.bin/<data-dir>/part.1 524352 bytes
node4/disk2/dist-bucket/dist-large-2m.bin/<data-dir>/part.1 524352 bytes
